[debug] [2024-09-02T21:27:47.448Z] ----------------------------------------------------------------------
[debug] [2024-09-02T21:27:47.452Z] Command:       C:\Program Files\nodejs\node.exe C:\Users\joni_\AppData\Roaming\npm\node_modules\firebase-tools\lib\bin\firebase.js emulators:start
[debug] [2024-09-02T21:27:47.452Z] CLI Version:   13.16.0
[debug] [2024-09-02T21:27:47.453Z] Platform:      win32
[debug] [2024-09-02T21:27:47.453Z] Node Version:  v20.16.0
[debug] [2024-09-02T21:27:47.453Z] Time:          Mon Sep 02 2024 18:27:47 GMT-0300 (hora estándar de Argentina)
[debug] [2024-09-02T21:27:47.453Z] ----------------------------------------------------------------------
[debug] 
[debug] [2024-09-02T21:27:47.588Z] > command requires scopes: ["email","openid","https://www.googleapis.com/auth/cloudplatformprojects.readonly","https://www.googleapis.com/auth/firebase","https://www.googleapis.com/auth/cloud-platform"]
[debug] [2024-09-02T21:27:47.589Z] > authorizing via signed-in user (cantaresbags@gmail.com)
[info] i  emulators: Starting emulators: functions {"metadata":{"emulator":{"name":"hub"},"message":"Starting emulators: functions"}}
[debug] [2024-09-02T21:27:47.601Z] [logging] Logging Emulator only supports listening on one address (127.0.0.1). Not listening on ::1
[debug] [2024-09-02T21:27:47.602Z] assigned listening specs for emulators {"user":{"hub":[{"address":"127.0.0.1","family":"IPv4","port":4400},{"address":"::1","family":"IPv6","port":4400}],"ui":[{"address":"127.0.0.1","family":"IPv4","port":4000},{"address":"::1","family":"IPv6","port":4000}],"logging":[{"address":"127.0.0.1","family":"IPv4","port":4500}]},"metadata":{"message":"assigned listening specs for emulators"}}
[warn] !  emulators: It seems that you are running multiple instances of the emulator suite for project cantares-bags-f2181. This may result in unexpected behavior. 
[debug] [2024-09-02T21:27:47.609Z] [hub] writing locator at C:\Users\joni_\AppData\Local\Temp\hub-cantares-bags-f2181.json
[debug] [2024-09-02T21:27:47.636Z] [functions] Functions Emulator only supports listening on one address (127.0.0.1). Not listening on ::1
[debug] [2024-09-02T21:27:47.636Z] [eventarc] Eventarc Emulator only supports listening on one address (127.0.0.1). Not listening on ::1
[debug] [2024-09-02T21:27:47.636Z] [tasks] Cloud Tasks Emulator only supports listening on one address (127.0.0.1). Not listening on ::1
[debug] [2024-09-02T21:27:47.636Z] late-assigned ports for functions and eventarc emulators {"user":{"hub":[{"address":"127.0.0.1","family":"IPv4","port":4400},{"address":"::1","family":"IPv6","port":4400}],"ui":[{"address":"127.0.0.1","family":"IPv4","port":4000},{"address":"::1","family":"IPv6","port":4000}],"logging":[{"address":"127.0.0.1","family":"IPv4","port":4500}],"functions":[{"address":"127.0.0.1","family":"IPv4","port":5001}],"eventarc":[{"address":"127.0.0.1","family":"IPv4","port":9299}],"tasks":[{"address":"127.0.0.1","family":"IPv4","port":9499}]},"metadata":{"message":"late-assigned ports for functions and eventarc emulators"}}
[warn] !  functions: The following emulators are not running, calls to these services from the Functions emulator will affect production: auth, firestore, database, hosting, pubsub, storage, dataconnect {"metadata":{"emulator":{"name":"functions"},"message":"The following emulators are not running, calls to these services from the Functions emulator will affect production: \u001b[1mauth, firestore, database, hosting, pubsub, storage, dataconnect\u001b[22m"}}
[debug] [2024-09-02T21:27:47.641Z] defaultcredentials: writing to file C:\Users\joni_\AppData\Roaming\firebase\cantaresbags_gmail_com_application_default_credentials.json
[debug] [2024-09-02T21:27:47.644Z] Setting GAC to C:\Users\joni_\AppData\Roaming\firebase\cantaresbags_gmail_com_application_default_credentials.json {"metadata":{"emulator":{"name":"functions"},"message":"Setting GAC to C:\\Users\\joni_\\AppData\\Roaming\\firebase\\cantaresbags_gmail_com_application_default_credentials.json"}}
[debug] [2024-09-02T21:27:47.646Z] >>> [apiv2][query] GET https://firebase.googleapis.com/v1beta1/projects/cantares-bags-f2181/adminSdkConfig [none]
[debug] [2024-09-02T21:27:48.039Z] <<< [apiv2][status] GET https://firebase.googleapis.com/v1beta1/projects/cantares-bags-f2181/adminSdkConfig 200
[debug] [2024-09-02T21:27:48.040Z] <<< [apiv2][body] GET https://firebase.googleapis.com/v1beta1/projects/cantares-bags-f2181/adminSdkConfig {"projectId":"cantares-bags-f2181","databaseURL":"https://cantares-bags-f2181-default-rtdb.firebaseio.com","storageBucket":"cantares-bags-f2181.appspot.com","locationId":"us-central"}
[debug] [2024-09-02T21:27:48.061Z] Ignoring unsupported arg: auto_download {"metadata":{"emulator":{"name":"ui"},"message":"Ignoring unsupported arg: auto_download"}}
[debug] [2024-09-02T21:27:48.061Z] Ignoring unsupported arg: port {"metadata":{"emulator":{"name":"ui"},"message":"Ignoring unsupported arg: port"}}
[debug] [2024-09-02T21:27:48.061Z] Starting Emulator UI with command {"binary":"node","args":["C:\\Users\\joni_\\.cache\\firebase\\emulators\\ui-v1.13.0\\server\\server.mjs"],"optionalArgs":[],"joinArgs":false,"shell":false} {"metadata":{"emulator":{"name":"ui"},"message":"Starting Emulator UI with command {\"binary\":\"node\",\"args\":[\"C:\\\\Users\\\\joni_\\\\.cache\\\\firebase\\\\emulators\\\\ui-v1.13.0\\\\server\\\\server.mjs\"],\"optionalArgs\":[],\"joinArgs\":false,\"shell\":false}"}}
[info] i  ui: Emulator UI logging to ui-debug.log {"metadata":{"emulator":{"name":"ui"},"message":"Emulator UI logging to \u001b[1mui-debug.log\u001b[22m"}}
[debug] [2024-09-02T21:27:48.225Z] Web / API server started at 127.0.0.1:4000
 {"metadata":{"emulator":{"name":"ui"},"message":"Web / API server started at 127.0.0.1:4000\n"}}
[debug] [2024-09-02T21:27:48.225Z] Web / API server started at ::1:4000
 {"metadata":{"emulator":{"name":"ui"},"message":"Web / API server started at ::1:4000\n"}}
[info] i  functions: Watching "C:\Users\joni_\cantares-bags\functions" for Cloud Functions... {"metadata":{"emulator":{"name":"functions"},"message":"Watching \"C:\\Users\\joni_\\cantares-bags\\functions\" for Cloud Functions..."}}
[debug] [2024-09-02T21:27:48.297Z] Validating nodejs source
[debug] [2024-09-02T21:27:49.210Z] > [functions] package.json contents: {
  "name": "functions",
  "description": "Cloud Functions for Firebase",
  "scripts": {
    "serve": "firebase emulators:start --only functions",
    "shell": "firebase functions:shell",
    "start": "npm run shell",
    "deploy": "firebase deploy --only functions",
    "logs": "firebase functions:log"
  },
  "engines": {
    "node": "18"
  },
  "main": "index.js",
  "dependencies": {
    "cors": "^2.8.5",
    "firebase-admin": "^12.1.0",
    "firebase-functions": "^5.1.1",
    "nodemailer": "^6.9.14"
  },
  "devDependencies": {
    "firebase-functions-test": "^3.1.0"
  },
  "private": true
}
[debug] [2024-09-02T21:27:49.211Z] Building nodejs source
[debug] [2024-09-02T21:27:49.212Z] Failed to find version of module node: reached end of search path C:\Users\joni_\cantares-bags\functions\node_modules
[warn] !  functions: Your requested "node" version "18" doesn't match your global version "20". Using node@20 from host. 
[debug] [2024-09-02T21:27:49.224Z] Could not find functions.yaml. Must use http discovery
[debug] [2024-09-02T21:27:49.237Z] Found firebase-functions binary at 'C:\Users\joni_\cantares-bags\functions\node_modules\.bin\firebase-functions'
[info] Serving at port 8758

[debug] [2024-09-02T21:27:49.919Z] Got response from /__/functions.yaml {"endpoints":{"sendOrderEmails":{"platform":"gcfv1","labels":{},"availableMemoryMb":null,"timeoutSeconds":null,"minInstances":null,"maxInstances":null,"ingressSettings":null,"serviceAccountEmail":null,"vpc":null,"callableTrigger":{},"entryPoint":"sendOrderEmails"}},"specVersion":"v1alpha1","requiredAPIs":[],"extensions":{}}
[info] +  functions: Loaded functions definitions from source: sendOrderEmails. {"metadata":{"emulator":{"name":"functions"},"message":"Loaded functions definitions from source: sendOrderEmails."}}
[info] +  functions[us-central1-sendOrderEmails]: http function initialized (http://127.0.0.1:5001/cantares-bags-f2181/us-central1/sendOrderEmails). {"metadata":{"emulator":{"name":"functions"},"message":"\u001b[1mhttp\u001b[22m function initialized (http://127.0.0.1:5001/cantares-bags-f2181/us-central1/sendOrderEmails)."}}
[info] 
┌─────────────────────────────────────────────────────────────┐
│ ✔  All emulators ready! It is now safe to connect your app. │
│ i  View Emulator UI at http://127.0.0.1:4000/               │
└─────────────────────────────────────────────────────────────┘

┌───────────┬────────────────┬─────────────────────────────────┐
│ Emulator  │ Host:Port      │ View in Emulator UI             │
├───────────┼────────────────┼─────────────────────────────────┤
│ Functions │ 127.0.0.1:5001 │ http://127.0.0.1:4000/functions │
└───────────┴────────────────┴─────────────────────────────────┘
  Emulator Hub running at 127.0.0.1:4400
  Other reserved ports: 4500

Issues? Report them at https://github.com/firebase/firebase-tools/issues and attach the *-debug.log files.
 
[debug] [2024-09-02T21:42:54.203Z] File C:\Users\joni_\cantares-bags\functions\index.js changed, reloading triggers {"metadata":{"emulator":{"name":"functions"},"message":"File C:\\Users\\joni_\\cantares-bags\\functions\\index.js changed, reloading triggers"}}
[debug] [2024-09-02T21:42:55.211Z] Validating nodejs source
[debug] [2024-09-02T21:42:56.333Z] > [functions] package.json contents: {
  "name": "functions",
  "description": "Cloud Functions for Firebase",
  "scripts": {
    "serve": "firebase emulators:start --only functions",
    "shell": "firebase functions:shell",
    "start": "npm run shell",
    "deploy": "firebase deploy --only functions",
    "logs": "firebase functions:log"
  },
  "engines": {
    "node": "18"
  },
  "main": "index.js",
  "dependencies": {
    "cors": "^2.8.5",
    "firebase-admin": "^12.1.0",
    "firebase-functions": "^5.1.1",
    "nodemailer": "^6.9.14"
  },
  "devDependencies": {
    "firebase-functions-test": "^3.1.0"
  },
  "private": true
}
[debug] [2024-09-02T21:42:56.333Z] Building nodejs source
[debug] [2024-09-02T21:42:56.333Z] Failed to find version of module node: reached end of search path C:\Users\joni_\cantares-bags\functions\node_modules
[warn] !  functions: Your requested "node" version "18" doesn't match your global version "20". Using node@20 from host. 
[debug] [2024-09-02T21:42:56.335Z] Could not find functions.yaml. Must use http discovery
[debug] [2024-09-02T21:42:56.341Z] Found firebase-functions binary at 'C:\Users\joni_\cantares-bags\functions\node_modules\.bin\firebase-functions'
[info] Serving at port 8086

[debug] [2024-09-02T21:42:56.976Z] Got response from /__/functions.yaml {"endpoints":{"sendOrderEmails":{"platform":"gcfv1","labels":{},"availableMemoryMb":null,"timeoutSeconds":null,"minInstances":null,"maxInstances":null,"ingressSettings":null,"serviceAccountEmail":null,"vpc":null,"callableTrigger":{},"entryPoint":"sendOrderEmails"}},"specVersion":"v1alpha1","requiredAPIs":[],"extensions":{}}
[info] +  functions: Loaded functions definitions from source: sendOrderEmails. {"metadata":{"emulator":{"name":"functions"},"message":"Loaded functions definitions from source: sendOrderEmails."}}
[debug] [2024-09-02T21:53:33.706Z] File C:\Users\joni_\cantares-bags\functions\index.js changed, reloading triggers {"metadata":{"emulator":{"name":"functions"},"message":"File C:\\Users\\joni_\\cantares-bags\\functions\\index.js changed, reloading triggers"}}
[debug] [2024-09-02T21:53:34.707Z] Validating nodejs source
[debug] [2024-09-02T21:53:35.927Z] > [functions] package.json contents: {
  "name": "functions",
  "description": "Cloud Functions for Firebase",
  "scripts": {
    "serve": "firebase emulators:start --only functions",
    "shell": "firebase functions:shell",
    "start": "npm run shell",
    "deploy": "firebase deploy --only functions",
    "logs": "firebase functions:log"
  },
  "engines": {
    "node": "18"
  },
  "main": "index.js",
  "dependencies": {
    "cors": "^2.8.5",
    "firebase-admin": "^12.1.0",
    "firebase-functions": "^5.1.1",
    "nodemailer": "^6.9.14"
  },
  "devDependencies": {
    "firebase-functions-test": "^3.1.0"
  },
  "private": true
}
[debug] [2024-09-02T21:53:35.928Z] Building nodejs source
[debug] [2024-09-02T21:53:35.928Z] Failed to find version of module node: reached end of search path C:\Users\joni_\cantares-bags\functions\node_modules
[warn] !  functions: Your requested "node" version "18" doesn't match your global version "20". Using node@20 from host. 
[info] i  functions: Loaded environment variables from .env.local. 
[debug] [2024-09-02T21:53:35.930Z] Could not find functions.yaml. Must use http discovery
[debug] [2024-09-02T21:53:35.937Z] Found firebase-functions binary at 'C:\Users\joni_\cantares-bags\functions\node_modules\.bin\firebase-functions'
[info] Serving at port 8099

[debug] [2024-09-02T21:53:36.621Z] Got response from /__/functions.yaml {"endpoints":{"sendOrderEmails":{"platform":"gcfv1","labels":{},"availableMemoryMb":null,"timeoutSeconds":null,"minInstances":null,"maxInstances":null,"ingressSettings":null,"serviceAccountEmail":null,"vpc":null,"callableTrigger":{},"entryPoint":"sendOrderEmails"}},"specVersion":"v1alpha1","requiredAPIs":[],"extensions":{}}
[info] +  functions: Loaded functions definitions from source: sendOrderEmails. {"metadata":{"emulator":{"name":"functions"},"message":"Loaded functions definitions from source: sendOrderEmails."}}
[debug] [2024-09-02T21:54:49.026Z] File C:\Users\joni_\cantares-bags\functions\index.js changed, reloading triggers {"metadata":{"emulator":{"name":"functions"},"message":"File C:\\Users\\joni_\\cantares-bags\\functions\\index.js changed, reloading triggers"}}
[debug] [2024-09-02T21:54:50.033Z] Validating nodejs source
[debug] [2024-09-02T21:54:51.028Z] > [functions] package.json contents: {
  "name": "functions",
  "description": "Cloud Functions for Firebase",
  "scripts": {
    "serve": "firebase emulators:start --only functions",
    "shell": "firebase functions:shell",
    "start": "npm run shell",
    "deploy": "firebase deploy --only functions",
    "logs": "firebase functions:log"
  },
  "engines": {
    "node": "18"
  },
  "main": "index.js",
  "dependencies": {
    "cors": "^2.8.5",
    "firebase-admin": "^12.1.0",
    "firebase-functions": "^5.1.1",
    "nodemailer": "^6.9.14"
  },
  "devDependencies": {
    "firebase-functions-test": "^3.1.0"
  },
  "private": true
}
[debug] [2024-09-02T21:54:51.029Z] Building nodejs source
[debug] [2024-09-02T21:54:51.029Z] Failed to find version of module node: reached end of search path C:\Users\joni_\cantares-bags\functions\node_modules
[warn] !  functions: Your requested "node" version "18" doesn't match your global version "20". Using node@20 from host. 
[info] i  functions: Loaded environment variables from .env.local. 
[debug] [2024-09-02T21:54:51.031Z] Could not find functions.yaml. Must use http discovery
[debug] [2024-09-02T21:54:51.036Z] Found firebase-functions binary at 'C:\Users\joni_\cantares-bags\functions\node_modules\.bin\firebase-functions'
[info] Serving at port 8008

[debug] [2024-09-02T21:54:51.691Z] Got response from /__/functions.yaml {"endpoints":{"sendOrderEmails":{"platform":"gcfv1","labels":{},"availableMemoryMb":null,"timeoutSeconds":null,"minInstances":null,"maxInstances":null,"ingressSettings":null,"serviceAccountEmail":null,"vpc":null,"callableTrigger":{},"entryPoint":"sendOrderEmails"}},"specVersion":"v1alpha1","requiredAPIs":[],"extensions":{}}
[info] +  functions: Loaded functions definitions from source: sendOrderEmails. {"metadata":{"emulator":{"name":"functions"},"message":"Loaded functions definitions from source: sendOrderEmails."}}
[debug] [2024-09-02T21:57:02.735Z] File C:\Users\joni_\cantares-bags\functions\index.js changed, reloading triggers {"metadata":{"emulator":{"name":"functions"},"message":"File C:\\Users\\joni_\\cantares-bags\\functions\\index.js changed, reloading triggers"}}
[debug] [2024-09-02T21:57:03.738Z] Validating nodejs source
[debug] [2024-09-02T21:57:04.634Z] > [functions] package.json contents: {
  "name": "functions",
  "description": "Cloud Functions for Firebase",
  "scripts": {
    "serve": "firebase emulators:start --only functions",
    "shell": "firebase functions:shell",
    "start": "npm run shell",
    "deploy": "firebase deploy --only functions",
    "logs": "firebase functions:log"
  },
  "engines": {
    "node": "18"
  },
  "main": "index.js",
  "dependencies": {
    "cors": "^2.8.5",
    "firebase-admin": "^12.1.0",
    "firebase-functions": "^5.1.1",
    "nodemailer": "^6.9.14"
  },
  "devDependencies": {
    "firebase-functions-test": "^3.1.0"
  },
  "private": true
}
[debug] [2024-09-02T21:57:04.634Z] Building nodejs source
[debug] [2024-09-02T21:57:04.634Z] Failed to find version of module node: reached end of search path C:\Users\joni_\cantares-bags\functions\node_modules
[warn] !  functions: Your requested "node" version "18" doesn't match your global version "20". Using node@20 from host. 
[info] i  functions: Loaded environment variables from .env.local. 
[debug] [2024-09-02T21:57:04.636Z] Could not find functions.yaml. Must use http discovery
[debug] [2024-09-02T21:57:04.643Z] Found firebase-functions binary at 'C:\Users\joni_\cantares-bags\functions\node_modules\.bin\firebase-functions'
[info] Serving at port 8833

[debug] [2024-09-02T21:57:05.291Z] Got response from /__/functions.yaml {"endpoints":{"sendOrderEmails":{"platform":"gcfv1","labels":{},"availableMemoryMb":null,"timeoutSeconds":null,"minInstances":null,"maxInstances":null,"ingressSettings":null,"serviceAccountEmail":null,"vpc":null,"callableTrigger":{},"entryPoint":"sendOrderEmails"}},"specVersion":"v1alpha1","requiredAPIs":[],"extensions":{}}
[info] +  functions: Loaded functions definitions from source: sendOrderEmails. {"metadata":{"emulator":{"name":"functions"},"message":"Loaded functions definitions from source: sendOrderEmails."}}
[debug] [2024-09-02T21:58:27.122Z] [work-queue] {"queuedWork":["/cantares-bags-f2181/us-central1/sendOrderEmails-2024-09-02T21:58:27.121Z"],"queueLength":1,"runningWork":[],"workRunningCount":0}
[debug] [2024-09-02T21:58:27.122Z] [work-queue] {"queuedWork":[],"queueLength":0,"runningWork":["/cantares-bags-f2181/us-central1/sendOrderEmails-2024-09-02T21:58:27.121Z"],"workRunningCount":1}
[debug] [2024-09-02T21:58:27.123Z] Accepted request GET /cantares-bags-f2181/us-central1/sendOrderEmails --> us-central1-sendOrderEmails
[debug] [2024-09-02T21:58:27.127Z] [functions] Runtime ready! Sending request! {"metadata":{"emulator":{"name":"functions"},"message":"[functions] Runtime ready! Sending request!"}}
[debug] [2024-09-02T21:58:27.128Z] [functions] Got req.url=/cantares-bags-f2181/us-central1/sendOrderEmails, mapping to path=/ {"metadata":{"emulator":{"name":"functions"},"message":"[functions] Got req.url=/cantares-bags-f2181/us-central1/sendOrderEmails, mapping to path=/"}}
[info] i  functions: Loaded environment variables from .env.local. 
[debug] [2024-09-02T21:58:27.142Z] [worker-pool] addWorker(us-central1-sendOrderEmails) {"metadata":{"emulator":{"name":"functions"},"message":"[worker-pool] addWorker(us-central1-sendOrderEmails)"}}
[debug] [2024-09-02T21:58:27.142Z] [worker-pool] Adding worker with key us-central1-sendOrderEmails, total=1 {"metadata":{"emulator":{"name":"functions"},"message":"[worker-pool] Adding worker with key us-central1-sendOrderEmails, total=1"}}
[debug] [2024-09-02T21:58:28.740Z] [runtime-status] [4232] Resolved module firebase-admin {"declared":true,"installed":true,"version":"12.4.0","resolution":"C:\\Users\\joni_\\cantares-bags\\functions\\node_modules\\firebase-admin\\lib\\index.js"} {"metadata":{"emulator":{"name":"functions"},"function":{"name":"us-central1-sendOrderEmails"},"extension":{},"message":"[runtime-status] [4232] Resolved module firebase-admin {\"declared\":true,\"installed\":true,\"version\":\"12.4.0\",\"resolution\":\"C:\\\\Users\\\\joni_\\\\cantares-bags\\\\functions\\\\node_modules\\\\firebase-admin\\\\lib\\\\index.js\"}"}}
[debug] [2024-09-02T21:58:28.741Z] [runtime-status] [4232] Resolved module firebase-functions {"declared":true,"installed":true,"version":"5.1.1","resolution":"C:\\Users\\joni_\\cantares-bags\\functions\\node_modules\\firebase-functions\\lib\\v1\\index.js"} {"metadata":{"emulator":{"name":"functions"},"function":{"name":"us-central1-sendOrderEmails"},"extension":{},"message":"[runtime-status] [4232] Resolved module firebase-functions {\"declared\":true,\"installed\":true,\"version\":\"5.1.1\",\"resolution\":\"C:\\\\Users\\\\joni_\\\\cantares-bags\\\\functions\\\\node_modules\\\\firebase-functions\\\\lib\\\\v1\\\\index.js\"}"}}
[debug] [2024-09-02T21:58:28.742Z] [runtime-status] [4232] Outgoing network have been stubbed. [{"name":"http","status":"mocked"},{"name":"http","status":"mocked"},{"name":"https","status":"mocked"},{"name":"https","status":"mocked"},{"name":"net","status":"mocked"}] {"metadata":{"emulator":{"name":"functions"},"function":{"name":"us-central1-sendOrderEmails"},"extension":{},"message":"[runtime-status] [4232] Outgoing network have been stubbed. [{\"name\":\"http\",\"status\":\"mocked\"},{\"name\":\"http\",\"status\":\"mocked\"},{\"name\":\"https\",\"status\":\"mocked\"},{\"name\":\"https\",\"status\":\"mocked\"},{\"name\":\"net\",\"status\":\"mocked\"}]"}}
[debug] [2024-09-02T21:58:28.743Z] [runtime-status] [4232] Resolved module firebase-functions {"declared":true,"installed":true,"version":"5.1.1","resolution":"C:\\Users\\joni_\\cantares-bags\\functions\\node_modules\\firebase-functions\\lib\\v1\\index.js"} {"metadata":{"emulator":{"name":"functions"},"function":{"name":"us-central1-sendOrderEmails"},"extension":{},"message":"[runtime-status] [4232] Resolved module firebase-functions {\"declared\":true,\"installed\":true,\"version\":\"5.1.1\",\"resolution\":\"C:\\\\Users\\\\joni_\\\\cantares-bags\\\\functions\\\\node_modules\\\\firebase-functions\\\\lib\\\\v1\\\\index.js\"}"}}
[debug] [2024-09-02T21:58:29.031Z] [runtime-status] [4232] Checked functions.config() {"config":{}} {"metadata":{"emulator":{"name":"functions"},"function":{"name":"us-central1-sendOrderEmails"},"extension":{},"message":"[runtime-status] [4232] Checked functions.config() {\"config\":{}}"}}
[debug] [2024-09-02T21:58:29.031Z] [runtime-status] [4232] firebase-functions has been stubbed. {"functionsResolution":{"declared":true,"installed":true,"version":"5.1.1","resolution":"C:\\Users\\joni_\\cantares-bags\\functions\\node_modules\\firebase-functions\\lib\\v1\\index.js"}} {"metadata":{"emulator":{"name":"functions"},"function":{"name":"us-central1-sendOrderEmails"},"extension":{},"message":"[runtime-status] [4232] firebase-functions has been stubbed. {\"functionsResolution\":{\"declared\":true,\"installed\":true,\"version\":\"5.1.1\",\"resolution\":\"C:\\\\Users\\\\joni_\\\\cantares-bags\\\\functions\\\\node_modules\\\\firebase-functions\\\\lib\\\\v1\\\\index.js\"}}"}}
[debug] [2024-09-02T21:58:29.032Z] [runtime-status] [4232] Resolved module firebase-functions {"declared":true,"installed":true,"version":"5.1.1","resolution":"C:\\Users\\joni_\\cantares-bags\\functions\\node_modules\\firebase-functions\\lib\\v1\\index.js"} {"metadata":{"emulator":{"name":"functions"},"function":{"name":"us-central1-sendOrderEmails"},"extension":{},"message":"[runtime-status] [4232] Resolved module firebase-functions {\"declared\":true,\"installed\":true,\"version\":\"5.1.1\",\"resolution\":\"C:\\\\Users\\\\joni_\\\\cantares-bags\\\\functions\\\\node_modules\\\\firebase-functions\\\\lib\\\\v1\\\\index.js\"}"}}
[debug] [2024-09-02T21:58:29.033Z] [runtime-status] [4232] Resolved module firebase-admin {"declared":true,"installed":true,"version":"12.4.0","resolution":"C:\\Users\\joni_\\cantares-bags\\functions\\node_modules\\firebase-admin\\lib\\index.js"} {"metadata":{"emulator":{"name":"functions"},"function":{"name":"us-central1-sendOrderEmails"},"extension":{},"message":"[runtime-status] [4232] Resolved module firebase-admin {\"declared\":true,\"installed\":true,\"version\":\"12.4.0\",\"resolution\":\"C:\\\\Users\\\\joni_\\\\cantares-bags\\\\functions\\\\node_modules\\\\firebase-admin\\\\lib\\\\index.js\"}"}}
[debug] [2024-09-02T21:58:29.037Z] [runtime-status] [4232] Resolved module firebase-functions {"declared":true,"installed":true,"version":"5.1.1","resolution":"C:\\Users\\joni_\\cantares-bags\\functions\\node_modules\\firebase-functions\\lib\\v1\\index.js"} {"metadata":{"emulator":{"name":"functions"},"function":{"name":"us-central1-sendOrderEmails"},"extension":{},"message":"[runtime-status] [4232] Resolved module firebase-functions {\"declared\":true,\"installed\":true,\"version\":\"5.1.1\",\"resolution\":\"C:\\\\Users\\\\joni_\\\\cantares-bags\\\\functions\\\\node_modules\\\\firebase-functions\\\\lib\\\\v1\\\\index.js\"}"}}
[debug] [2024-09-02T21:58:29.038Z] [runtime-status] [4232] firebase-admin has been stubbed. {"adminResolution":{"declared":true,"installed":true,"version":"12.4.0","resolution":"C:\\Users\\joni_\\cantares-bags\\functions\\node_modules\\firebase-admin\\lib\\index.js"}} {"metadata":{"emulator":{"name":"functions"},"function":{"name":"us-central1-sendOrderEmails"},"extension":{},"message":"[runtime-status] [4232] firebase-admin has been stubbed. {\"adminResolution\":{\"declared\":true,\"installed\":true,\"version\":\"12.4.0\",\"resolution\":\"C:\\\\Users\\\\joni_\\\\cantares-bags\\\\functions\\\\node_modules\\\\firebase-admin\\\\lib\\\\index.js\"}}"}}
[debug] [2024-09-02T21:58:29.088Z] [runtime-status] [4232] Functions runtime initialized. {"cwd":"C:\\Users\\joni_\\cantares-bags\\functions","node_version":"20.16.0"} {"metadata":{"emulator":{"name":"functions"},"function":{"name":"us-central1-sendOrderEmails"},"extension":{},"message":"[runtime-status] [4232] Functions runtime initialized. {\"cwd\":\"C:\\\\Users\\\\joni_\\\\cantares-bags\\\\functions\",\"node_version\":\"20.16.0\"}"}}
[debug] [2024-09-02T21:58:29.089Z] [runtime-status] [4232] Listening to port: \\?\pipe\fire_emu_82633a8296c26c46 {"metadata":{"emulator":{"name":"functions"},"function":{"name":"us-central1-sendOrderEmails"},"extension":{},"message":"[runtime-status] [4232] Listening to port: \\\\?\\pipe\\fire_emu_82633a8296c26c46"}}
[debug] [2024-09-02T21:58:29.149Z] [worker-us-central1-sendOrderEmails-70c60bfe-f76a-4710-bb1f-6afbbd307136]: IDLE {"metadata":{"emulator":{"name":"functions"},"function":{"name":"us-central1-sendOrderEmails"},"extension":{},"message":"[worker-us-central1-sendOrderEmails-70c60bfe-f76a-4710-bb1f-6afbbd307136]: IDLE"}}
[debug] [2024-09-02T21:58:29.150Z] [worker-pool] submitRequest(triggerId=us-central1-sendOrderEmails) {"metadata":{"emulator":{"name":"functions"},"message":"[worker-pool] submitRequest(triggerId=us-central1-sendOrderEmails)"}}
[info] i  functions: Beginning execution of "us-central1-sendOrderEmails" {"metadata":{"emulator":{"name":"functions"},"function":{"name":"us-central1-sendOrderEmails"},"extension":{},"message":"Beginning execution of \"us-central1-sendOrderEmails\""}}
[debug] [2024-09-02T21:58:29.151Z] [worker-us-central1-sendOrderEmails-70c60bfe-f76a-4710-bb1f-6afbbd307136]: BUSY {"metadata":{"emulator":{"name":"functions"},"function":{"name":"us-central1-sendOrderEmails"},"extension":{},"message":"[worker-us-central1-sendOrderEmails-70c60bfe-f76a-4710-bb1f-6afbbd307136]: BUSY"}}
[info] >  {"severity":"WARNING","message":"Request has invalid method. GET"} {"user":{"severity":"WARNING","message":"Request has invalid method. GET"},"metadata":{"emulator":{"name":"functions"},"function":{"name":"us-central1-sendOrderEmails"},"extension":{},"message":"\u001b[90m> \u001b[39m {\"severity\":\"WARNING\",\"message\":\"Request has invalid method. GET\"}"}}
[info] >  {"severity":"ERROR","message":"Error: Invalid request, unable to process.\n    at entryFromArgs (C:\\Users\\joni_\\cantares-bags\\functions\\node_modules\\firebase-functions\\lib\\logger\\index.js:133:19)\n    at Object.error (C:\\Users\\joni_\\cantares-bags\\functions\\node_modules\\firebase-functions\\lib\\logger\\index.js:120:11)\n    at C:\\Users\\joni_\\cantares-bags\\functions\\node_modules\\firebase-functions\\lib\\common\\providers\\https.js:405:24\n    at C:\\Users\\joni_\\cantares-bags\\functions\\node_modules\\firebase-functions\\lib\\common\\providers\\https.js:394:25\n    at cors (C:\\Users\\joni_\\cantares-bags\\functions\\node_modules\\cors\\lib\\index.js:188:7)\n    at C:\\Users\\joni_\\cantares-bags\\functions\\node_modules\\cors\\lib\\index.js:224:17\n    at originCallback (C:\\Users\\joni_\\cantares-bags\\functions\\node_modules\\cors\\lib\\index.js:214:15)\n    at C:\\Users\\joni_\\cantares-bags\\functions\\node_modules\\cors\\lib\\index.js:219:13\n    at optionsCallback (C:\\Users\\joni_\\cantares-bags\\functions\\node_modules\\cors\\lib\\index.js:199:9)\n    at corsMiddleware (C:\\Users\\joni_\\cantares-bags\\functions\\node_modules\\cors\\lib\\index.js:204:7)"} {"user":{"severity":"ERROR","message":"Error: Invalid request, unable to process.\n    at entryFromArgs (C:\\Users\\joni_\\cantares-bags\\functions\\node_modules\\firebase-functions\\lib\\logger\\index.js:133:19)\n    at Object.error (C:\\Users\\joni_\\cantares-bags\\functions\\node_modules\\firebase-functions\\lib\\logger\\index.js:120:11)\n    at C:\\Users\\joni_\\cantares-bags\\functions\\node_modules\\firebase-functions\\lib\\common\\providers\\https.js:405:24\n    at C:\\Users\\joni_\\cantares-bags\\functions\\node_modules\\firebase-functions\\lib\\common\\providers\\https.js:394:25\n    at cors (C:\\Users\\joni_\\cantares-bags\\functions\\node_modules\\cors\\lib\\index.js:188:7)\n    at C:\\Users\\joni_\\cantares-bags\\functions\\node_modules\\cors\\lib\\index.js:224:17\n    at originCallback (C:\\Users\\joni_\\cantares-bags\\functions\\node_modules\\cors\\lib\\index.js:214:15)\n    at C:\\Users\\joni_\\cantares-bags\\functions\\node_modules\\cors\\lib\\index.js:219:13\n    at optionsCallback (C:\\Users\\joni_\\cantares-bags\\functions\\node_modules\\cors\\lib\\index.js:199:9)\n    at corsMiddleware (C:\\Users\\joni_\\cantares-bags\\functions\\node_modules\\cors\\lib\\index.js:204:7)"},"metadata":{"emulator":{"name":"functions"},"function":{"name":"us-central1-sendOrderEmails"},"extension":{},"message":"\u001b[90m> \u001b[39m {\"severity\":\"ERROR\",\"message\":\"Error: Invalid request, unable to process.\\n    at entryFromArgs (C:\\\\Users\\\\joni_\\\\cantares-bags\\\\functions\\\\node_modules\\\\firebase-functions\\\\lib\\\\logger\\\\index.js:133:19)\\n    at Object.error (C:\\\\Users\\\\joni_\\\\cantares-bags\\\\functions\\\\node_modules\\\\firebase-functions\\\\lib\\\\logger\\\\index.js:120:11)\\n    at C:\\\\Users\\\\joni_\\\\cantares-bags\\\\functions\\\\node_modules\\\\firebase-functions\\\\lib\\\\common\\\\providers\\\\https.js:405:24\\n    at C:\\\\Users\\\\joni_\\\\cantares-bags\\\\functions\\\\node_modules\\\\firebase-functions\\\\lib\\\\common\\\\providers\\\\https.js:394:25\\n    at cors (C:\\\\Users\\\\joni_\\\\cantares-bags\\\\functions\\\\node_modules\\\\cors\\\\lib\\\\index.js:188:7)\\n    at C:\\\\Users\\\\joni_\\\\cantares-bags\\\\functions\\\\node_modules\\\\cors\\\\lib\\\\index.js:224:17\\n    at originCallback (C:\\\\Users\\\\joni_\\\\cantares-bags\\\\functions\\\\node_modules\\\\cors\\\\lib\\\\index.js:214:15)\\n    at C:\\\\Users\\\\joni_\\\\cantares-bags\\\\functions\\\\node_modules\\\\cors\\\\lib\\\\index.js:219:13\\n    at optionsCallback (C:\\\\Users\\\\joni_\\\\cantares-bags\\\\functions\\\\node_modules\\\\cors\\\\lib\\\\index.js:199:9)\\n    at corsMiddleware (C:\\\\Users\\\\joni_\\\\cantares-bags\\\\functions\\\\node_modules\\\\cors\\\\lib\\\\index.js:204:7)\"}"}}
[debug] [2024-09-02T21:58:29.160Z] Finishing up request with event=pause {"metadata":{"emulator":{"name":"functions"},"function":{"name":"us-central1-sendOrderEmails"},"extension":{},"message":"Finishing up request with event=pause"}}
[info] i  functions: Finished "us-central1-sendOrderEmails" in 9.3865ms {"metadata":{"emulator":{"name":"functions"},"function":{"name":"us-central1-sendOrderEmails"},"extension":{},"message":"Finished \"us-central1-sendOrderEmails\" in 9.3865ms"}}
[debug] [2024-09-02T21:58:29.161Z] [worker-us-central1-sendOrderEmails-70c60bfe-f76a-4710-bb1f-6afbbd307136]: IDLE {"metadata":{"emulator":{"name":"functions"},"function":{"name":"us-central1-sendOrderEmails"},"extension":{},"message":"[worker-us-central1-sendOrderEmails-70c60bfe-f76a-4710-bb1f-6afbbd307136]: IDLE"}}
[debug] [2024-09-02T21:58:29.161Z] Finishing up request with event=finish {"metadata":{"emulator":{"name":"functions"},"function":{"name":"us-central1-sendOrderEmails"},"extension":{},"message":"Finishing up request with event=finish"}}
[debug] [2024-09-02T21:58:29.161Z] Finishing up request with event=close {"metadata":{"emulator":{"name":"functions"},"function":{"name":"us-central1-sendOrderEmails"},"extension":{},"message":"Finishing up request with event=close"}}
[debug] [2024-09-02T21:58:29.161Z] [work-queue] {"queuedWork":[],"queueLength":0,"runningWork":[],"workRunningCount":0}
[debug] [2024-09-02T21:58:29.218Z] Functions emulator received unknown request at path /favicon.ico
[debug] [2024-09-02T22:04:21.773Z] File C:\Users\joni_\cantares-bags\functions\index.js changed, reloading triggers {"metadata":{"emulator":{"name":"functions"},"message":"File C:\\Users\\joni_\\cantares-bags\\functions\\index.js changed, reloading triggers"}}
[debug] [2024-09-02T22:04:22.778Z] Validating nodejs source
[debug] [2024-09-02T22:04:23.787Z] > [functions] package.json contents: {
  "name": "functions",
  "description": "Cloud Functions for Firebase",
  "scripts": {
    "serve": "firebase emulators:start --only functions",
    "shell": "firebase functions:shell",
    "start": "npm run shell",
    "deploy": "firebase deploy --only functions",
    "logs": "firebase functions:log"
  },
  "engines": {
    "node": "18"
  },
  "main": "index.js",
  "dependencies": {
    "cors": "^2.8.5",
    "firebase-admin": "^12.1.0",
    "firebase-functions": "^5.1.1",
    "nodemailer": "^6.9.14"
  },
  "devDependencies": {
    "firebase-functions-test": "^3.1.0"
  },
  "private": true
}
[debug] [2024-09-02T22:04:23.787Z] Building nodejs source
[debug] [2024-09-02T22:04:23.787Z] Failed to find version of module node: reached end of search path C:\Users\joni_\cantares-bags\functions\node_modules
[warn] !  functions: Your requested "node" version "18" doesn't match your global version "20". Using node@20 from host. 
[info] i  functions: Loaded environment variables from .env.local. 
[debug] [2024-09-02T22:04:23.789Z] Could not find functions.yaml. Must use http discovery
[debug] [2024-09-02T22:04:23.794Z] Found firebase-functions binary at 'C:\Users\joni_\cantares-bags\functions\node_modules\.bin\firebase-functions'
[info] Serving at port 8805

[debug] [2024-09-02T22:04:24.401Z] Got response from /__/functions.yaml {"endpoints":{"sendOrderEmails":{"platform":"gcfv1","labels":{},"availableMemoryMb":null,"timeoutSeconds":null,"minInstances":null,"maxInstances":null,"ingressSettings":null,"serviceAccountEmail":null,"vpc":null,"callableTrigger":{},"entryPoint":"sendOrderEmails"}},"specVersion":"v1alpha1","requiredAPIs":[],"extensions":{}}
[debug] [2024-09-02T22:04:26.293Z] File C:\Users\joni_\cantares-bags\functions\index.js changed, reloading triggers {"metadata":{"emulator":{"name":"functions"},"message":"File C:\\Users\\joni_\\cantares-bags\\functions\\index.js changed, reloading triggers"}}
[debug] [2024-09-02T22:04:27.305Z] Validating nodejs source
[debug] [2024-09-02T22:04:28.433Z] > [functions] package.json contents: {
  "name": "functions",
  "description": "Cloud Functions for Firebase",
  "scripts": {
    "serve": "firebase emulators:start --only functions",
    "shell": "firebase functions:shell",
    "start": "npm run shell",
    "deploy": "firebase deploy --only functions",
    "logs": "firebase functions:log"
  },
  "engines": {
    "node": "18"
  },
  "main": "index.js",
  "dependencies": {
    "cors": "^2.8.5",
    "firebase-admin": "^12.1.0",
    "firebase-functions": "^5.1.1",
    "nodemailer": "^6.9.14"
  },
  "devDependencies": {
    "firebase-functions-test": "^3.1.0"
  },
  "private": true
}
[debug] [2024-09-02T22:04:28.433Z] Building nodejs source
[debug] [2024-09-02T22:04:28.434Z] Failed to find version of module node: reached end of search path C:\Users\joni_\cantares-bags\functions\node_modules
[warn] !  functions: Your requested "node" version "18" doesn't match your global version "20". Using node@20 from host. 
[info] i  functions: Loaded environment variables from .env.local. 
[debug] [2024-09-02T22:04:28.436Z] Could not find functions.yaml. Must use http discovery
[debug] [2024-09-02T22:04:28.443Z] Found firebase-functions binary at 'C:\Users\joni_\cantares-bags\functions\node_modules\.bin\firebase-functions'
[info] Serving at port 8059

[debug] [2024-09-02T22:04:29.116Z] Got response from /__/functions.yaml {"endpoints":{"sendOrderEmails":{"platform":"gcfv1","labels":{},"availableMemoryMb":null,"timeoutSeconds":null,"minInstances":null,"maxInstances":null,"ingressSettings":null,"serviceAccountEmail":null,"vpc":null,"callableTrigger":{},"entryPoint":"sendOrderEmails"}},"specVersion":"v1alpha1","requiredAPIs":[],"extensions":{}}
[info] +  functions: Loaded functions definitions from source: sendOrderEmails. {"metadata":{"emulator":{"name":"functions"},"message":"Loaded functions definitions from source: sendOrderEmails."}}
[debug] [2024-09-02T22:04:29.421Z] [worker-pool] Shutting down IDLE worker (us-central1-sendOrderEmails) {"metadata":{"emulator":{"name":"functions"},"message":"[worker-pool] Shutting down IDLE worker (us-central1-sendOrderEmails)"}}
[debug] [2024-09-02T22:04:29.422Z] [worker-us-central1-sendOrderEmails-70c60bfe-f76a-4710-bb1f-6afbbd307136]: FINISHING {"metadata":{"emulator":{"name":"functions"},"function":{"name":"us-central1-sendOrderEmails"},"extension":{},"message":"[worker-us-central1-sendOrderEmails-70c60bfe-f76a-4710-bb1f-6afbbd307136]: FINISHING"}}
[debug] [2024-09-02T22:04:29.431Z] [worker-us-central1-sendOrderEmails-70c60bfe-f76a-4710-bb1f-6afbbd307136]: exited {"metadata":{"emulator":{"name":"functions"},"function":{"name":"us-central1-sendOrderEmails"},"extension":{},"message":"[worker-us-central1-sendOrderEmails-70c60bfe-f76a-4710-bb1f-6afbbd307136]: exited"}}
[debug] [2024-09-02T22:04:29.432Z] [worker-us-central1-sendOrderEmails-70c60bfe-f76a-4710-bb1f-6afbbd307136]: FINISHED {"metadata":{"emulator":{"name":"functions"},"function":{"name":"us-central1-sendOrderEmails"},"extension":{},"message":"[worker-us-central1-sendOrderEmails-70c60bfe-f76a-4710-bb1f-6afbbd307136]: FINISHED"}}
[info] +  functions: Loaded functions definitions from source: sendOrderEmails. {"metadata":{"emulator":{"name":"functions"},"message":"Loaded functions definitions from source: sendOrderEmails."}}
[debug] [2024-09-02T22:08:39.378Z] File C:\Users\joni_\cantares-bags\functions\index.js changed, reloading triggers {"metadata":{"emulator":{"name":"functions"},"message":"File C:\\Users\\joni_\\cantares-bags\\functions\\index.js changed, reloading triggers"}}
[debug] [2024-09-02T22:08:40.392Z] Validating nodejs source
[debug] [2024-09-02T22:08:41.594Z] > [functions] package.json contents: {
  "name": "functions",
  "description": "Cloud Functions for Firebase",
  "scripts": {
    "serve": "firebase emulators:start --only functions",
    "shell": "firebase functions:shell",
    "start": "npm run shell",
    "deploy": "firebase deploy --only functions",
    "logs": "firebase functions:log"
  },
  "engines": {
    "node": "18"
  },
  "main": "index.js",
  "dependencies": {
    "cors": "^2.8.5",
    "firebase-admin": "^12.1.0",
    "firebase-functions": "^5.1.1",
    "nodemailer": "^6.9.14"
  },
  "devDependencies": {
    "firebase-functions-test": "^3.1.0"
  },
  "private": true
}
[debug] [2024-09-02T22:08:41.594Z] Building nodejs source
[debug] [2024-09-02T22:08:41.594Z] Failed to find version of module node: reached end of search path C:\Users\joni_\cantares-bags\functions\node_modules
[warn] !  functions: Your requested "node" version "18" doesn't match your global version "20". Using node@20 from host. 
[info] i  functions: Loaded environment variables from .env.local. 
[debug] [2024-09-02T22:08:41.596Z] Could not find functions.yaml. Must use http discovery
[debug] [2024-09-02T22:08:41.602Z] Found firebase-functions binary at 'C:\Users\joni_\cantares-bags\functions\node_modules\.bin\firebase-functions'
[info] Serving at port 8750

[error] TypeError: Cannot read properties of undefined (reading 'user')
    at Object.<anonymous> (C:\Users\joni_\cantares-bags\functions\index.js:17:39)
    at Module._compile (node:internal/modules/cjs/loader:1358:14)
    at Module._extensions..js (node:internal/modules/cjs/loader:1416:10)
    at Module.load (node:internal/modules/cjs/loader:1208:32)
    at Module._load (node:internal/modules/cjs/loader:1024:12)
    at Module.require (node:internal/modules/cjs/loader:1233:19)
    at require (node:internal/modules/helpers:179:18)
    at loadModule (C:\Users\joni_\cantares-bags\functions\node_modules\firebase-functions\lib\runtime\loader.js:40:16)
    at loadStack (C:\Users\joni_\cantares-bags\functions\node_modules\firebase-functions\lib\runtime\loader.js:157:23)
    at C:\Users\joni_\cantares-bags\functions\node_modules\firebase-functions\lib\bin\firebase-functions.js:56:56

[debug] [2024-09-02T22:08:42.193Z] Got response code 400; body Failed to generate manifest from function source: TypeError: Cannot read properties of undefined (reading 'user')
[error] !!  functions: Failed to load function definition from source: FirebaseError: Functions codebase could not be analyzed successfully. It may have a syntax or runtime error {"metadata":{"emulator":{"name":"functions"},"message":"Failed to load function definition from source: FirebaseError: Functions codebase could not be analyzed successfully. It may have a syntax or runtime error"}}
[debug] [2024-09-02T22:23:13.455Z] File C:\Users\joni_\cantares-bags\functions\index.js changed, reloading triggers {"metadata":{"emulator":{"name":"functions"},"message":"File C:\\Users\\joni_\\cantares-bags\\functions\\index.js changed, reloading triggers"}}
[debug] [2024-09-02T22:23:14.465Z] Validating nodejs source
[debug] [2024-09-02T22:23:15.434Z] > [functions] package.json contents: {
  "name": "functions",
  "description": "Cloud Functions for Firebase",
  "scripts": {
    "serve": "firebase emulators:start --only functions",
    "shell": "firebase functions:shell",
    "start": "npm run shell",
    "deploy": "firebase deploy --only functions",
    "logs": "firebase functions:log"
  },
  "engines": {
    "node": "18"
  },
  "main": "index.js",
  "dependencies": {
    "cors": "^2.8.5",
    "firebase-admin": "^12.1.0",
    "firebase-functions": "^5.1.1",
    "nodemailer": "^6.9.14"
  },
  "devDependencies": {
    "firebase-functions-test": "^3.1.0"
  },
  "private": true
}
[debug] [2024-09-02T22:23:15.434Z] Building nodejs source
[debug] [2024-09-02T22:23:15.434Z] Failed to find version of module node: reached end of search path C:\Users\joni_\cantares-bags\functions\node_modules
[warn] !  functions: Your requested "node" version "18" doesn't match your global version "20". Using node@20 from host. 
[info] i  functions: Loaded environment variables from .env.local. 
[debug] [2024-09-02T22:23:15.436Z] Could not find functions.yaml. Must use http discovery
[debug] [2024-09-02T22:23:15.442Z] Found firebase-functions binary at 'C:\Users\joni_\cantares-bags\functions\node_modules\.bin\firebase-functions'
[info] Serving at port 8991

[error] TypeError: Cannot read properties of undefined (reading 'user')
    at Object.<anonymous> (C:\Users\joni_\cantares-bags\functions\index.js:17:39)
    at Module._compile (node:internal/modules/cjs/loader:1358:14)
    at Module._extensions..js (node:internal/modules/cjs/loader:1416:10)
    at Module.load (node:internal/modules/cjs/loader:1208:32)
    at Module._load (node:internal/modules/cjs/loader:1024:12)
    at Module.require (node:internal/modules/cjs/loader:1233:19)
    at require (node:internal/modules/helpers:179:18)
    at loadModule (C:\Users\joni_\cantares-bags\functions\node_modules\firebase-functions\lib\runtime\loader.js:40:16)
    at loadStack (C:\Users\joni_\cantares-bags\functions\node_modules\firebase-functions\lib\runtime\loader.js:157:23)
    at C:\Users\joni_\cantares-bags\functions\node_modules\firebase-functions\lib\bin\firebase-functions.js:56:56

[debug] [2024-09-02T22:23:16.044Z] Got response code 400; body Failed to generate manifest from function source: TypeError: Cannot read properties of undefined (reading 'user')
[error] !!  functions: Failed to load function definition from source: FirebaseError: Functions codebase could not be analyzed successfully. It may have a syntax or runtime error {"metadata":{"emulator":{"name":"functions"},"message":"Failed to load function definition from source: FirebaseError: Functions codebase could not be analyzed successfully. It may have a syntax or runtime error"}}
